Determining if the pthread_create exist failed with the following output:
Change Dir: /home/kratnarajah/catkin_ws_PTU/build/CMakeFiles/CMakeTmp

Run Build Command:/usr/bin/make "cmTryCompileExec377923268/fast"
/usr/bin/make -f CMakeFiles/cmTryCompileExec377923268.dir/build.make CMakeFiles/cmTryCompileExec377923268.dir/build
make[1]: Entering directory `/home/kratnarajah/catkin_ws_PTU/build/CMakeFiles/CMakeTmp'
/usr/bin/cmake -E cmake_progress_report /home/kratnarajah/catkin_ws_PTU/build/CMakeFiles/CMakeTmp/CMakeFiles 1
Building C object CMakeFiles/cmTryCompileExec377923268.dir/CheckSymbolExists.c.o
/usr/bin/cc    -o CMakeFiles/cmTryCompileExec377923268.dir/CheckSymbolExists.c.o   -c /home/kratnarajah/catkin_ws_PTU/build/CMakeFiles/CMakeTmp/CheckSymbolExists.c
Linking C executable cmTryCompileExec377923268
/usr/bin/cmake -E cmake_link_script CMakeFiles/cmTryCompileExec377923268.dir/link.txt --verbose=1
/usr/bin/cc       CMakeFiles/cmTryCompileExec377923268.dir/CheckSymbolExists.c.o  -o cmTryCompileExec377923268 -rdynamic 
CMakeFiles/cmTryCompileExec377923268.dir/CheckSymbolExists.c.o: In function `main':
CheckSymbolExists.c:(.text+0x16): undefined reference to `pthread_create'
collect2: error: ld returned 1 exit status
make[1]: *** [cmTryCompileExec377923268] Error 1
make[1]: Leaving directory `/home/kratnarajah/catkin_ws_PTU/build/CMakeFiles/CMakeTmp'
make: *** [cmTryCompileExec377923268/fast] Error 2

File /home/kratnarajah/catkin_ws_PTU/build/CMakeFiles/CMakeTmp/CheckSymbolExists.c:
/* */
#include <pthread.h>

int main(int argc, char** argv)
{
  (void)argv;
#ifndef pthread_create
  return ((int*)(&pthread_create))[argc];
#else
  (void)argc;
  return 0;
#endif
}

Determining if the function pthread_create exists in the pthreads failed with the following output:
Change Dir: /home/kratnarajah/catkin_ws_PTU/build/CMakeFiles/CMakeTmp

Run Build Command:/usr/bin/make "cmTryCompileExec3548839747/fast"
/usr/bin/make -f CMakeFiles/cmTryCompileExec3548839747.dir/build.make CMakeFiles/cmTryCompileExec3548839747.dir/build
make[1]: Entering directory `/home/kratnarajah/catkin_ws_PTU/build/CMakeFiles/CMakeTmp'
/usr/bin/cmake -E cmake_progress_report /home/kratnarajah/catkin_ws_PTU/build/CMakeFiles/CMakeTmp/CMakeFiles 1
Building C object CMakeFiles/cmTryCompileExec3548839747.dir/CheckFunctionExists.c.o
/usr/bin/cc   -DCHECK_FUNCTION_EXISTS=pthread_create   -o CMakeFiles/cmTryCompileExec3548839747.dir/CheckFunctionExists.c.o   -c /usr/share/cmake-2.8/Modules/CheckFunctionExists.c
Linking C executable cmTryCompileExec3548839747
/usr/bin/cmake -E cmake_link_script CMakeFiles/cmTryCompileExec3548839747.dir/link.txt --verbose=1
/usr/bin/cc   -DCHECK_FUNCTION_EXISTS=pthread_create    CMakeFiles/cmTryCompileExec3548839747.dir/CheckFunctionExists.c.o  -o cmTryCompileExec3548839747 -rdynamic -lpthreads 
/usr/bin/ld: cannot find -lpthreads
collect2: error: ld returned 1 exit status
make[1]: *** [cmTryCompileExec3548839747] Error 1
make[1]: Leaving directory `/home/kratnarajah/catkin_ws_PTU/build/CMakeFiles/CMakeTmp'
make: *** [cmTryCompileExec3548839747/fast] Error 2


